-- Install configuration: ""
-- Execute custom install script
-- Symlinking: /home/dhananjay/ws/quad_ws/install/ik/share/ik//src/dog_legik
-- Up-to-date symlink: /home/dhananjay/ws/quad_ws/install/ik/share/ik//src/dog_legik.cpp
-- Up-to-date symlink: /home/dhananjay/ws/quad_ws/install/ik/share/ik//src/joint_state.py
-- Up-to-date symlink: /home/dhananjay/ws/quad_ws/install/ik/share/ik//src/output/dog_legik
-- Up-to-date symlink: /home/dhananjay/ws/quad_ws/install/ik/lib/ik/joint_state.py
-- Up-to-date symlink: /home/dhananjay/ws/quad_ws/install/ik/share/ament_index/resource_index/package_run_dependencies/ik
-- Up-to-date symlink: /home/dhananjay/ws/quad_ws/install/ik/share/ament_index/resource_index/parent_prefix_path/ik
-- Up-to-date symlink: /home/dhananjay/ws/quad_ws/install/ik/share/ik/environment/ament_prefix_path.sh
-- Up-to-date symlink: /home/dhananjay/ws/quad_ws/install/ik/share/ik/environment/ament_prefix_path.dsv
-- Up-to-date symlink: /home/dhananjay/ws/quad_ws/install/ik/share/ik/environment/path.sh
-- Up-to-date symlink: /home/dhananjay/ws/quad_ws/install/ik/share/ik/environment/path.dsv
-- Up-to-date symlink: /home/dhananjay/ws/quad_ws/install/ik/share/ik/local_setup.bash
-- Up-to-date symlink: /home/dhananjay/ws/quad_ws/install/ik/share/ik/local_setup.sh
-- Up-to-date symlink: /home/dhananjay/ws/quad_ws/install/ik/share/ik/local_setup.zsh
-- Up-to-date symlink: /home/dhananjay/ws/quad_ws/install/ik/share/ik/local_setup.dsv
-- Symlinking: /home/dhananjay/ws/quad_ws/install/ik/share/ik/package.dsv
-- Up-to-date symlink: /home/dhananjay/ws/quad_ws/install/ik/share/ament_index/resource_index/packages/ik
-- Up-to-date symlink: /home/dhananjay/ws/quad_ws/install/ik/share/ik/cmake/ikConfig.cmake
-- Up-to-date symlink: /home/dhananjay/ws/quad_ws/install/ik/share/ik/cmake/ikConfig-version.cmake
-- Up-to-date symlink: /home/dhananjay/ws/quad_ws/install/ik/share/ik/package.xml
