[0.022s] Invoking command in '/home/dhananjay/ws/quad_ws/build/ik': CMAKE_PREFIX_PATH=${CMAKE_PREFIX_PATH}:/home/dhananjay/ws/quad_ws/install/quad_description:/home/dhananjay/ros2_ws/install/rqt_joint_trajectory_controller:/home/dhananjay/ros2_ws/install/rqt_controller_manager:/home/dhananjay/ros2_ws/install/ros2controlcli:/home/dhananjay/ros2_ws/install/ros2_controllers_test_nodes:/home/dhananjay/ros2_ws/install/ros2_control_demo_testing:/opt/ros/humble /usr/bin/cmake --build /home/dhananjay/ws/quad_ws/build/ik -- -j12 -l12
[0.474s] Invoked command in '/home/dhananjay/ws/quad_ws/build/ik' returned '0': CMAKE_PREFIX_PATH=${CMAKE_PREFIX_PATH}:/home/dhananjay/ws/quad_ws/install/quad_description:/home/dhananjay/ros2_ws/install/rqt_joint_trajectory_controller:/home/dhananjay/ros2_ws/install/rqt_controller_manager:/home/dhananjay/ros2_ws/install/ros2controlcli:/home/dhananjay/ros2_ws/install/ros2_controllers_test_nodes:/home/dhananjay/ros2_ws/install/ros2_control_demo_testing:/opt/ros/humble /usr/bin/cmake --build /home/dhananjay/ws/quad_ws/build/ik -- -j12 -l12
[0.539s] Invoking command in '/home/dhananjay/ws/quad_ws/build/ik': CMAKE_PREFIX_PATH=${CMAKE_PREFIX_PATH}:/home/dhananjay/ws/quad_ws/install/quad_description:/home/dhananjay/ros2_ws/install/rqt_joint_trajectory_controller:/home/dhananjay/ros2_ws/install/rqt_controller_manager:/home/dhananjay/ros2_ws/install/ros2controlcli:/home/dhananjay/ros2_ws/install/ros2_controllers_test_nodes:/home/dhananjay/ros2_ws/install/ros2_control_demo_testing:/opt/ros/humble /usr/bin/cmake --install /home/dhananjay/ws/quad_ws/build/ik
[0.559s] -- Install configuration: ""
[0.559s] -- Execute custom install script
[0.560s] -- Up-to-date symlink: /home/dhananjay/ws/quad_ws/install/ik/share/ik//src/dog_legik
[0.561s] -- Up-to-date symlink: /home/dhananjay/ws/quad_ws/install/ik/share/ik//src/dog_legik.cpp
[0.561s] -- Up-to-date symlink: /home/dhananjay/ws/quad_ws/install/ik/share/ik//src/joint_state.py
[0.561s] -- Up-to-date symlink: /home/dhananjay/ws/quad_ws/install/ik/share/ik//src/output/dog_legik
[0.561s] -- Up-to-date symlink: /home/dhananjay/ws/quad_ws/install/ik/lib/ik/joint_state.py
[0.562s] -- Up-to-date symlink: /home/dhananjay/ws/quad_ws/install/ik/share/ament_index/resource_index/package_run_dependencies/ik
[0.562s] -- Up-to-date symlink: /home/dhananjay/ws/quad_ws/install/ik/share/ament_index/resource_index/parent_prefix_path/ik
[0.562s] -- Up-to-date symlink: /home/dhananjay/ws/quad_ws/install/ik/share/ik/environment/ament_prefix_path.sh
[0.563s] -- Up-to-date symlink: /home/dhananjay/ws/quad_ws/install/ik/share/ik/environment/ament_prefix_path.dsv
[0.563s] -- Up-to-date symlink: /home/dhananjay/ws/quad_ws/install/ik/share/ik/environment/path.sh
[0.564s] -- Up-to-date symlink: /home/dhananjay/ws/quad_ws/install/ik/share/ik/environment/path.dsv
[0.564s] -- Up-to-date symlink: /home/dhananjay/ws/quad_ws/install/ik/share/ik/local_setup.bash
[0.564s] -- Up-to-date symlink: /home/dhananjay/ws/quad_ws/install/ik/share/ik/local_setup.sh
[0.565s] -- Up-to-date symlink: /home/dhananjay/ws/quad_ws/install/ik/share/ik/local_setup.zsh
[0.565s] -- Up-to-date symlink: /home/dhananjay/ws/quad_ws/install/ik/share/ik/local_setup.dsv
[0.565s] -- Symlinking: /home/dhananjay/ws/quad_ws/install/ik/share/ik/package.dsv
[0.597s] -- Up-to-date symlink: /home/dhananjay/ws/quad_ws/install/ik/share/ament_index/resource_index/packages/ik
[0.598s] -- Up-to-date symlink: /home/dhananjay/ws/quad_ws/install/ik/share/ik/cmake/ikConfig.cmake
[0.598s] -- Up-to-date symlink: /home/dhananjay/ws/quad_ws/install/ik/share/ik/cmake/ikConfig-version.cmake
[0.599s] -- Up-to-date symlink: /home/dhananjay/ws/quad_ws/install/ik/share/ik/package.xml
[0.603s] Invoked command in '/home/dhananjay/ws/quad_ws/build/ik' returned '0': CMAKE_PREFIX_PATH=${CMAKE_PREFIX_PATH}:/home/dhananjay/ws/quad_ws/install/quad_description:/home/dhananjay/ros2_ws/install/rqt_joint_trajectory_controller:/home/dhananjay/ros2_ws/install/rqt_controller_manager:/home/dhananjay/ros2_ws/install/ros2controlcli:/home/dhananjay/ros2_ws/install/ros2_controllers_test_nodes:/home/dhananjay/ros2_ws/install/ros2_control_demo_testing:/opt/ros/humble /usr/bin/cmake --install /home/dhananjay/ws/quad_ws/build/ik
