[0.026s] Invoking command in '/home/dhananjay/ws/quad_ws/build/ik': CMAKE_PREFIX_PATH=${CMAKE_PREFIX_PATH}:/home/dhananjay/ws/quad_ws/install/quad_description:/home/dhananjay/ros2_ws/install/rqt_joint_trajectory_controller:/home/dhananjay/ros2_ws/install/rqt_controller_manager:/home/dhananjay/ros2_ws/install/ros2controlcli:/home/dhananjay/ros2_ws/install/ros2_controllers_test_nodes:/home/dhananjay/ros2_ws/install/ros2_control_demo_testing:/opt/ros/humble /usr/bin/cmake --build /home/dhananjay/ws/quad_ws/build/ik -- -j12 -l12
[0.554s] Invoked command in '/home/dhananjay/ws/quad_ws/build/ik' returned '0': CMAKE_PREFIX_PATH=${CMAKE_PREFIX_PATH}:/home/dhananjay/ws/quad_ws/install/quad_description:/home/dhananjay/ros2_ws/install/rqt_joint_trajectory_controller:/home/dhananjay/ros2_ws/install/rqt_controller_manager:/home/dhananjay/ros2_ws/install/ros2controlcli:/home/dhananjay/ros2_ws/install/ros2_controllers_test_nodes:/home/dhananjay/ros2_ws/install/ros2_control_demo_testing:/opt/ros/humble /usr/bin/cmake --build /home/dhananjay/ws/quad_ws/build/ik -- -j12 -l12
[0.652s] Invoking command in '/home/dhananjay/ws/quad_ws/build/ik': CMAKE_PREFIX_PATH=${CMAKE_PREFIX_PATH}:/home/dhananjay/ws/quad_ws/install/quad_description:/home/dhananjay/ros2_ws/install/rqt_joint_trajectory_controller:/home/dhananjay/ros2_ws/install/rqt_controller_manager:/home/dhananjay/ros2_ws/install/ros2controlcli:/home/dhananjay/ros2_ws/install/ros2_controllers_test_nodes:/home/dhananjay/ros2_ws/install/ros2_control_demo_testing:/opt/ros/humble /usr/bin/cmake --install /home/dhananjay/ws/quad_ws/build/ik
[0.695s] -- Install configuration: ""
[0.696s] -- Execute custom install script
[0.698s] -- Up-to-date symlink: /home/dhananjay/ws/quad_ws/install/ik/share/ik//src/dog_legik
[0.698s] -- Up-to-date symlink: /home/dhananjay/ws/quad_ws/install/ik/share/ik//src/dog_legik.cpp
[0.699s] -- Up-to-date symlink: /home/dhananjay/ws/quad_ws/install/ik/share/ik//src/joint_state.py
[0.700s] -- Up-to-date symlink: /home/dhananjay/ws/quad_ws/install/ik/share/ik//src/output/dog_legik
[0.700s] -- Up-to-date symlink: /home/dhananjay/ws/quad_ws/install/ik/lib/ik/joint_state.py
[0.701s] -- Up-to-date symlink: /home/dhananjay/ws/quad_ws/install/ik/share/ament_index/resource_index/package_run_dependencies/ik
[0.702s] -- Up-to-date symlink: /home/dhananjay/ws/quad_ws/install/ik/share/ament_index/resource_index/parent_prefix_path/ik
[0.703s] -- Up-to-date symlink: /home/dhananjay/ws/quad_ws/install/ik/share/ik/environment/ament_prefix_path.sh
[0.703s] -- Up-to-date symlink: /home/dhananjay/ws/quad_ws/install/ik/share/ik/environment/ament_prefix_path.dsv
[0.704s] -- Up-to-date symlink: /home/dhananjay/ws/quad_ws/install/ik/share/ik/environment/path.sh
[0.704s] -- Up-to-date symlink: /home/dhananjay/ws/quad_ws/install/ik/share/ik/environment/path.dsv
[0.705s] -- Up-to-date symlink: /home/dhananjay/ws/quad_ws/install/ik/share/ik/local_setup.bash
[0.705s] -- Up-to-date symlink: /home/dhananjay/ws/quad_ws/install/ik/share/ik/local_setup.sh
[0.706s] -- Up-to-date symlink: /home/dhananjay/ws/quad_ws/install/ik/share/ik/local_setup.zsh
[0.706s] -- Up-to-date symlink: /home/dhananjay/ws/quad_ws/install/ik/share/ik/local_setup.dsv
[0.707s] -- Symlinking: /home/dhananjay/ws/quad_ws/install/ik/share/ik/package.dsv
[0.757s] -- Up-to-date symlink: /home/dhananjay/ws/quad_ws/install/ik/share/ament_index/resource_index/packages/ik
[0.758s] -- Up-to-date symlink: /home/dhananjay/ws/quad_ws/install/ik/share/ik/cmake/ikConfig.cmake
[0.758s] -- Up-to-date symlink: /home/dhananjay/ws/quad_ws/install/ik/share/ik/cmake/ikConfig-version.cmake
[0.759s] -- Up-to-date symlink: /home/dhananjay/ws/quad_ws/install/ik/share/ik/package.xml
[0.765s] Invoked command in '/home/dhananjay/ws/quad_ws/build/ik' returned '0': CMAKE_PREFIX_PATH=${CMAKE_PREFIX_PATH}:/home/dhananjay/ws/quad_ws/install/quad_description:/home/dhananjay/ros2_ws/install/rqt_joint_trajectory_controller:/home/dhananjay/ros2_ws/install/rqt_controller_manager:/home/dhananjay/ros2_ws/install/ros2controlcli:/home/dhananjay/ros2_ws/install/ros2_controllers_test_nodes:/home/dhananjay/ros2_ws/install/ros2_control_demo_testing:/opt/ros/humble /usr/bin/cmake --install /home/dhananjay/ws/quad_ws/build/ik
