[0.875s] DEBUG:colcon:Command line arguments: ['/usr/bin/colcon', 'build', '--symlink-install']
[0.875s] DEBUG:colcon:Parsed command line arguments: Namespace(log_base=None, log_level=None, verb_name='build', build_base='build', install_base='install', merge_install=False, symlink_install=True, test_result_base=None, continue_on_error=False, executor='parallel', parallel_workers=12, event_handlers=None, ignore_user_meta=False, metas=['./colcon.meta'], base_paths=['.'], packages_ignore=None, packages_ignore_regex=None, paths=None, packages_up_to=None, packages_up_to_regex=None, packages_above=None, packages_above_and_dependencies=None, packages_above_depth=None, packages_select_by_dep=None, packages_skip_by_dep=None, packages_skip_up_to=None, packages_select_build_failed=False, packages_skip_build_finished=False, packages_select_test_failures=False, packages_skip_test_passed=False, packages_select=None, packages_skip=None, packages_select_regex=None, packages_skip_regex=None, packages_start=None, packages_end=None, allow_overriding=[], cmake_args=None, cmake_target=None, cmake_target_skip_unavailable=False, cmake_clean_cache=False, cmake_clean_first=False, cmake_force_configure=False, ament_cmake_args=None, catkin_cmake_args=None, catkin_skip_building_tests=False, mixin_files=None, mixin=None, verb_parser=<colcon_mixin.mixin.mixin_argument.MixinArgumentDecorator object at 0x71b5b2a81d80>, verb_extension=<colcon_core.verb.build.BuildVerb object at 0x71b5b2a818d0>, main=<bound method BuildVerb.main of <colcon_core.verb.build.BuildVerb object at 0x71b5b2a818d0>>, mixin_verb=('build',))
[1.764s] Level 1:colcon.colcon_core.package_discovery:discover_packages(colcon_meta) check parameters
[1.764s] Level 1:colcon.colcon_core.package_discovery:discover_packages(recursive) check parameters
[1.764s] Level 1:colcon.colcon_core.package_discovery:discover_packages(ignore) check parameters
[1.764s] Level 1:colcon.colcon_core.package_discovery:discover_packages(path) check parameters
[1.764s] Level 1:colcon.colcon_core.package_discovery:discover_packages(colcon_meta) discover
[1.764s] Level 1:colcon.colcon_core.package_discovery:discover_packages(recursive) discover
[1.764s] INFO:colcon.colcon_core.package_discovery:Crawling recursively for packages in '/home/dhananjay/ws/quad_ws'
[1.764s] Level 1:colcon.colcon_core.package_identification:_identify(.) by extensions ['ignore', 'ignore_ament_install']
[1.764s] Level 1:colcon.colcon_core.package_identification:_identify(.) by extension 'ignore'
[1.765s] Level 1:colcon.colcon_core.package_identification:_identify(.) by extension 'ignore_ament_install'
[1.765s] Level 1:colcon.colcon_core.package_identification:_identify(.) by extensions ['colcon_pkg']
[1.765s] Level 1:colcon.colcon_core.package_identification:_identify(.) by extension 'colcon_pkg'
[1.765s] Level 1:colcon.colcon_core.package_identification:_identify(.) by extensions ['colcon_meta']
[1.765s] Level 1:colcon.colcon_core.package_identification:_identify(.) by extension 'colcon_meta'
[1.765s] Level 1:colcon.colcon_core.package_identification:_identify(.) by extensions ['ros']
[1.765s] Level 1:colcon.colcon_core.package_identification:_identify(.) by extension 'ros'
[1.790s] Level 1:colcon.colcon_core.package_identification:_identify(.) by extensions ['cmake', 'python']
[1.791s] Level 1:colcon.colcon_core.package_identification:_identify(.) by extension 'cmake'
[1.791s] Level 1:colcon.colcon_core.package_identification:_identify(.) by extension 'python'
[1.791s] Level 1:colcon.colcon_core.package_identification:_identify(.) by extensions ['python_setup_py']
[1.791s] Level 1:colcon.colcon_core.package_identification:_identify(.) by extension 'python_setup_py'
[1.791s] Level 1:colcon.colcon_core.package_identification:_identify(build) by extensions ['ignore', 'ignore_ament_install']
[1.791s] Level 1:colcon.colcon_core.package_identification:_identify(build) by extension 'ignore'
[1.791s] Level 1:colcon.colcon_core.package_identification:_identify(build) ignored
[1.791s] Level 1:colcon.colcon_core.package_identification:_identify(install) by extensions ['ignore', 'ignore_ament_install']
[1.791s] Level 1:colcon.colcon_core.package_identification:_identify(install) by extension 'ignore'
[1.791s] Level 1:colcon.colcon_core.package_identification:_identify(install) ignored
[1.791s] Level 1:colcon.colcon_core.package_identification:_identify(log) by extensions ['ignore', 'ignore_ament_install']
[1.791s] Level 1:colcon.colcon_core.package_identification:_identify(log) by extension 'ignore'
[1.791s] Level 1:colcon.colcon_core.package_identification:_identify(log) ignored
[1.791s] Level 1:colcon.colcon_core.package_identification:_identify(src) by extensions ['ignore', 'ignore_ament_install']
[1.791s] Level 1:colcon.colcon_core.package_identification:_identify(src) by extension 'ignore'
[1.791s] Level 1:colcon.colcon_core.package_identification:_identify(src) by extension 'ignore_ament_install'
[1.792s] Level 1:colcon.colcon_core.package_identification:_identify(src) by extensions ['colcon_pkg']
[1.792s] Level 1:colcon.colcon_core.package_identification:_identify(src) by extension 'colcon_pkg'
[1.792s] Level 1:colcon.colcon_core.package_identification:_identify(src) by extensions ['colcon_meta']
[1.792s] Level 1:colcon.colcon_core.package_identification:_identify(src) by extension 'colcon_meta'
[1.792s] Level 1:colcon.colcon_core.package_identification:_identify(src) by extensions ['ros']
[1.792s] Level 1:colcon.colcon_core.package_identification:_identify(src) by extension 'ros'
[1.792s] Level 1:colcon.colcon_core.package_identification:_identify(src) by extensions ['cmake', 'python']
[1.792s] Level 1:colcon.colcon_core.package_identification:_identify(src) by extension 'cmake'
[1.792s] Level 1:colcon.colcon_core.package_identification:_identify(src) by extension 'python'
[1.792s] Level 1:colcon.colcon_core.package_identification:_identify(src) by extensions ['python_setup_py']
[1.792s] Level 1:colcon.colcon_core.package_identification:_identify(src) by extension 'python_setup_py'
[1.792s] Level 1:colcon.colcon_core.package_identification:_identify(src/ik) by extensions ['ignore', 'ignore_ament_install']
[1.792s] Level 1:colcon.colcon_core.package_identification:_identify(src/ik) by extension 'ignore'
[1.792s] Level 1:colcon.colcon_core.package_identification:_identify(src/ik) by extension 'ignore_ament_install'
[1.792s] Level 1:colcon.colcon_core.package_identification:_identify(src/ik) by extensions ['colcon_pkg']
[1.792s] Level 1:colcon.colcon_core.package_identification:_identify(src/ik) by extension 'colcon_pkg'
[1.792s] Level 1:colcon.colcon_core.package_identification:_identify(src/ik) by extensions ['colcon_meta']
[1.792s] Level 1:colcon.colcon_core.package_identification:_identify(src/ik) by extension 'colcon_meta'
[1.792s] Level 1:colcon.colcon_core.package_identification:_identify(src/ik) by extensions ['ros']
[1.792s] Level 1:colcon.colcon_core.package_identification:_identify(src/ik) by extension 'ros'
[1.801s] DEBUG:colcon.colcon_core.package_identification:Package 'src/ik' with type 'ros.ament_cmake' and name 'ik'
[1.801s] Level 1:colcon.colcon_core.package_identification:_identify(src/quad_description) by extensions ['ignore', 'ignore_ament_install']
[1.802s] Level 1:colcon.colcon_core.package_identification:_identify(src/quad_description) by extension 'ignore'
[1.802s] Level 1:colcon.colcon_core.package_identification:_identify(src/quad_description) by extension 'ignore_ament_install'
[1.802s] Level 1:colcon.colcon_core.package_identification:_identify(src/quad_description) by extensions ['colcon_pkg']
[1.802s] Level 1:colcon.colcon_core.package_identification:_identify(src/quad_description) by extension 'colcon_pkg'
[1.802s] Level 1:colcon.colcon_core.package_identification:_identify(src/quad_description) by extensions ['colcon_meta']
[1.802s] Level 1:colcon.colcon_core.package_identification:_identify(src/quad_description) by extension 'colcon_meta'
[1.802s] Level 1:colcon.colcon_core.package_identification:_identify(src/quad_description) by extensions ['ros']
[1.802s] Level 1:colcon.colcon_core.package_identification:_identify(src/quad_description) by extension 'ros'
[1.803s] DEBUG:colcon.colcon_core.package_identification:Package 'src/quad_description' with type 'ros.ament_python' and name 'quad_description'
[1.803s] Level 1:colcon.colcon_core.package_discovery:discover_packages(recursive) using defaults
[1.803s] Level 1:colcon.colcon_core.package_discovery:discover_packages(ignore) discover
[1.803s] Level 1:colcon.colcon_core.package_discovery:discover_packages(ignore) using defaults
[1.803s] Level 1:colcon.colcon_core.package_discovery:discover_packages(path) discover
[1.803s] Level 1:colcon.colcon_core.package_discovery:discover_packages(path) using defaults
[1.829s] Level 1:colcon.colcon_core.package_discovery:discover_packages(prefix_path) check parameters
[1.829s] Level 1:colcon.colcon_core.package_discovery:discover_packages(prefix_path) discover
[1.835s] DEBUG:colcon.colcon_installed_package_information.package_discovery:Found 59 installed packages in /home/dhananjay/ros2_ws/install
[1.838s] DEBUG:colcon.colcon_installed_package_information.package_discovery:Found 496 installed packages in /opt/ros/humble
[1.841s] Level 1:colcon.colcon_core.package_discovery:discover_packages(prefix_path) using defaults
[1.972s] Level 5:colcon.colcon_core.verb:set package 'ik' build argument 'cmake_args' from command line to 'None'
[1.972s] Level 5:colcon.colcon_core.verb:set package 'ik' build argument 'cmake_target' from command line to 'None'
[1.972s] Level 5:colcon.colcon_core.verb:set package 'ik' build argument 'cmake_target_skip_unavailable' from command line to 'False'
[1.972s] Level 5:colcon.colcon_core.verb:set package 'ik' build argument 'cmake_clean_cache' from command line to 'False'
[1.972s] Level 5:colcon.colcon_core.verb:set package 'ik' build argument 'cmake_clean_first' from command line to 'False'
[1.972s] Level 5:colcon.colcon_core.verb:set package 'ik' build argument 'cmake_force_configure' from command line to 'False'
[1.972s] Level 5:colcon.colcon_core.verb:set package 'ik' build argument 'ament_cmake_args' from command line to 'None'
[1.973s] Level 5:colcon.colcon_core.verb:set package 'ik' build argument 'catkin_cmake_args' from command line to 'None'
[1.973s] Level 5:colcon.colcon_core.verb:set package 'ik' build argument 'catkin_skip_building_tests' from command line to 'False'
[1.973s] DEBUG:colcon.colcon_core.verb:Building package 'ik' with the following arguments: {'ament_cmake_args': None, 'build_base': '/home/dhananjay/ws/quad_ws/build/ik', 'catkin_cmake_args': None, 'catkin_skip_building_tests': False, 'cmake_args': None, 'cmake_clean_cache': False, 'cmake_clean_first': False, 'cmake_force_configure': False, 'cmake_target': None, 'cmake_target_skip_unavailable': False, 'install_base': '/home/dhananjay/ws/quad_ws/install/ik', 'merge_install': False, 'path': '/home/dhananjay/ws/quad_ws/src/ik', 'symlink_install': True, 'test_result_base': None}
[1.973s] Level 5:colcon.colcon_core.verb:set package 'quad_description' build argument 'cmake_args' from command line to 'None'
[1.973s] Level 5:colcon.colcon_core.verb:set package 'quad_description' build argument 'cmake_target' from command line to 'None'
[1.973s] Level 5:colcon.colcon_core.verb:set package 'quad_description' build argument 'cmake_target_skip_unavailable' from command line to 'False'
[1.973s] Level 5:colcon.colcon_core.verb:set package 'quad_description' build argument 'cmake_clean_cache' from command line to 'False'
[1.973s] Level 5:colcon.colcon_core.verb:set package 'quad_description' build argument 'cmake_clean_first' from command line to 'False'
[1.973s] Level 5:colcon.colcon_core.verb:set package 'quad_description' build argument 'cmake_force_configure' from command line to 'False'
[1.973s] Level 5:colcon.colcon_core.verb:set package 'quad_description' build argument 'ament_cmake_args' from command line to 'None'
[1.973s] Level 5:colcon.colcon_core.verb:set package 'quad_description' build argument 'catkin_cmake_args' from command line to 'None'
[1.973s] Level 5:colcon.colcon_core.verb:set package 'quad_description' build argument 'catkin_skip_building_tests' from command line to 'False'
[1.973s] DEBUG:colcon.colcon_core.verb:Building package 'quad_description' with the following arguments: {'ament_cmake_args': None, 'build_base': '/home/dhananjay/ws/quad_ws/build/quad_description', 'catkin_cmake_args': None, 'catkin_skip_building_tests': False, 'cmake_args': None, 'cmake_clean_cache': False, 'cmake_clean_first': False, 'cmake_force_configure': False, 'cmake_target': None, 'cmake_target_skip_unavailable': False, 'install_base': '/home/dhananjay/ws/quad_ws/install/quad_description', 'merge_install': False, 'path': '/home/dhananjay/ws/quad_ws/src/quad_description', 'symlink_install': True, 'test_result_base': None}
[1.974s] INFO:colcon.colcon_core.executor:Executing jobs using 'parallel' executor
[1.975s] DEBUG:colcon.colcon_parallel_executor.executor.parallel:run_until_complete
[1.975s] INFO:colcon.colcon_ros.task.ament_cmake.build:Building ROS package in '/home/dhananjay/ws/quad_ws/src/ik' with build type 'ament_cmake'
[1.975s] INFO:colcon.colcon_cmake.task.cmake.build:Building CMake package in '/home/dhananjay/ws/quad_ws/src/ik'
[1.981s] INFO:colcon.colcon_core.plugin_system:Skipping extension 'colcon_core.shell.bat': Not used on non-Windows systems
[1.981s] INFO:colcon.colcon_core.shell:Skip shell extension 'powershell' for command environment: Not usable outside of PowerShell
[1.981s] DEBUG:colcon.colcon_core.shell:Skip shell extension 'dsv' for command environment
[1.993s] INFO:colcon.colcon_ros.task.ament_python.build:Building ROS package in '/home/dhananjay/ws/quad_ws/src/quad_description' with build type 'ament_python'
[1.993s] Level 1:colcon.colcon_core.shell:create_environment_hook('quad_description', 'ament_prefix_path')
[1.993s] INFO:colcon.colcon_core.shell:Creating environment hook '/home/dhananjay/ws/quad_ws/install/quad_description/share/quad_description/hook/ament_prefix_path.ps1'
[1.995s] INFO:colcon.colcon_core.shell:Creating environment descriptor '/home/dhananjay/ws/quad_ws/install/quad_description/share/quad_description/hook/ament_prefix_path.dsv'
[1.995s] INFO:colcon.colcon_core.shell:Creating environment hook '/home/dhananjay/ws/quad_ws/install/quad_description/share/quad_description/hook/ament_prefix_path.sh'
[1.997s] INFO:colcon.colcon_core.shell:Skip shell extension 'powershell' for command environment: Not usable outside of PowerShell
[1.997s] DEBUG:colcon.colcon_core.shell:Skip shell extension 'dsv' for command environment
[2.016s] DEBUG:colcon.colcon_core.event_handler.log_command:Invoking command in '/home/dhananjay/ws/quad_ws/build/ik': CMAKE_PREFIX_PATH=${CMAKE_PREFIX_PATH}:/home/dhananjay/ros2_ws/install/rqt_joint_trajectory_controller:/home/dhananjay/ros2_ws/install/rqt_controller_manager:/home/dhananjay/ros2_ws/install/ros2controlcli:/home/dhananjay/ros2_ws/install/ros2_controllers_test_nodes:/home/dhananjay/ros2_ws/install/ros2_control_demo_testing:/opt/ros/humble /usr/bin/cmake /home/dhananjay/ws/quad_ws/src/ik -DAMENT_CMAKE_SYMLINK_INSTALL=1 -DCMAKE_INSTALL_PREFIX=/home/dhananjay/ws/quad_ws/install/ik
[2.590s] INFO:colcon.colcon_core.task.python.build:Building Python package in '/home/dhananjay/ws/quad_ws/src/quad_description'
[2.590s] INFO:colcon.colcon_core.shell:Skip shell extension 'powershell' for command environment: Not usable outside of PowerShell
[2.590s] DEBUG:colcon.colcon_core.shell:Skip shell extension 'dsv' for command environment
[3.302s] DEBUG:colcon.colcon_core.event_handler.log_command:Invoking command in '/home/dhananjay/ws/quad_ws/build/quad_description': PYTHONPATH=/home/dhananjay/ws/quad_ws/build/quad_description/prefix_override:/usr/lib/python3/dist-packages/colcon_core/task/python/colcon_distutils_commands:/home/dhananjay/ws/quad_ws/install/quad_description/lib/python3.10/site-packages:${PYTHONPATH} /usr/bin/python3 -W ignore:setup.py install is deprecated setup.py develop --editable --build-directory /home/dhananjay/ws/quad_ws/build/quad_description/build --no-deps symlink_data
[3.782s] DEBUG:colcon.colcon_core.event_handler.log_command:Invoked command in '/home/dhananjay/ws/quad_ws/build/ik' returned '0': CMAKE_PREFIX_PATH=${CMAKE_PREFIX_PATH}:/home/dhananjay/ros2_ws/install/rqt_joint_trajectory_controller:/home/dhananjay/ros2_ws/install/rqt_controller_manager:/home/dhananjay/ros2_ws/install/ros2controlcli:/home/dhananjay/ros2_ws/install/ros2_controllers_test_nodes:/home/dhananjay/ros2_ws/install/ros2_control_demo_testing:/opt/ros/humble /usr/bin/cmake /home/dhananjay/ws/quad_ws/src/ik -DAMENT_CMAKE_SYMLINK_INSTALL=1 -DCMAKE_INSTALL_PREFIX=/home/dhananjay/ws/quad_ws/install/ik
[3.783s] DEBUG:colcon.colcon_core.event_handler.log_command:Invoking command in '/home/dhananjay/ws/quad_ws/build/ik': CMAKE_PREFIX_PATH=${CMAKE_PREFIX_PATH}:/home/dhananjay/ros2_ws/install/rqt_joint_trajectory_controller:/home/dhananjay/ros2_ws/install/rqt_controller_manager:/home/dhananjay/ros2_ws/install/ros2controlcli:/home/dhananjay/ros2_ws/install/ros2_controllers_test_nodes:/home/dhananjay/ros2_ws/install/ros2_control_demo_testing:/opt/ros/humble /usr/bin/cmake --build /home/dhananjay/ws/quad_ws/build/ik -- -j12 -l12
[3.840s] DEBUG:colcon.colcon_core.event_handler.log_command:Invoked command in '/home/dhananjay/ws/quad_ws/build/ik' returned '0': CMAKE_PREFIX_PATH=${CMAKE_PREFIX_PATH}:/home/dhananjay/ros2_ws/install/rqt_joint_trajectory_controller:/home/dhananjay/ros2_ws/install/rqt_controller_manager:/home/dhananjay/ros2_ws/install/ros2controlcli:/home/dhananjay/ros2_ws/install/ros2_controllers_test_nodes:/home/dhananjay/ros2_ws/install/ros2_control_demo_testing:/opt/ros/humble /usr/bin/cmake --build /home/dhananjay/ws/quad_ws/build/ik -- -j12 -l12
[3.896s] DEBUG:colcon.colcon_core.event_handler.log_command:Invoking command in '/home/dhananjay/ws/quad_ws/build/ik': CMAKE_PREFIX_PATH=${CMAKE_PREFIX_PATH}:/home/dhananjay/ros2_ws/install/rqt_joint_trajectory_controller:/home/dhananjay/ros2_ws/install/rqt_controller_manager:/home/dhananjay/ros2_ws/install/ros2controlcli:/home/dhananjay/ros2_ws/install/ros2_controllers_test_nodes:/home/dhananjay/ros2_ws/install/ros2_control_demo_testing:/opt/ros/humble /usr/bin/cmake --install /home/dhananjay/ws/quad_ws/build/ik
[4.068s] Level 1:colcon.colcon_core.shell:create_environment_hook('quad_description', 'pythonpath_develop')
[4.069s] INFO:colcon.colcon_core.shell:Creating environment hook '/home/dhananjay/ws/quad_ws/build/quad_description/share/quad_description/hook/pythonpath_develop.ps1'
[4.069s] DEBUG:colcon.colcon_core.event_handler.log_command:Invoked command in '/home/dhananjay/ws/quad_ws/build/quad_description' returned '0': PYTHONPATH=/home/dhananjay/ws/quad_ws/build/quad_description/prefix_override:/usr/lib/python3/dist-packages/colcon_core/task/python/colcon_distutils_commands:/home/dhananjay/ws/quad_ws/install/quad_description/lib/python3.10/site-packages:${PYTHONPATH} /usr/bin/python3 -W ignore:setup.py install is deprecated setup.py develop --editable --build-directory /home/dhananjay/ws/quad_ws/build/quad_description/build --no-deps symlink_data
[4.069s] INFO:colcon.colcon_core.shell:Creating environment descriptor '/home/dhananjay/ws/quad_ws/build/quad_description/share/quad_description/hook/pythonpath_develop.dsv'
[4.070s] INFO:colcon.colcon_core.shell:Creating environment hook '/home/dhananjay/ws/quad_ws/build/quad_description/share/quad_description/hook/pythonpath_develop.sh'
[4.075s] Level 1:colcon.colcon_core.environment:checking '/home/dhananjay/ws/quad_ws/install/quad_description' for CMake module files
[4.075s] Level 1:colcon.colcon_core.environment:checking '/home/dhananjay/ws/quad_ws/install/quad_description' for CMake config files
[4.076s] Level 1:colcon.colcon_core.environment:checking '/home/dhananjay/ws/quad_ws/install/quad_description/lib'
[4.076s] Level 1:colcon.colcon_core.environment:checking '/home/dhananjay/ws/quad_ws/install/quad_description/bin'
[4.076s] Level 1:colcon.colcon_core.environment:checking '/home/dhananjay/ws/quad_ws/install/quad_description/lib/pkgconfig/quad_description.pc'
[4.076s] Level 1:colcon.colcon_core.environment:checking '/home/dhananjay/ws/quad_ws/install/quad_description/lib/python3.10/site-packages'
[4.076s] Level 1:colcon.colcon_core.shell:create_environment_hook('quad_description', 'pythonpath')
[4.076s] INFO:colcon.colcon_core.shell:Creating environment hook '/home/dhananjay/ws/quad_ws/install/quad_description/share/quad_description/hook/pythonpath.ps1'
[4.077s] INFO:colcon.colcon_core.shell:Creating environment descriptor '/home/dhananjay/ws/quad_ws/install/quad_description/share/quad_description/hook/pythonpath.dsv'
[4.077s] INFO:colcon.colcon_core.shell:Creating environment hook '/home/dhananjay/ws/quad_ws/install/quad_description/share/quad_description/hook/pythonpath.sh'
[4.077s] Level 1:colcon.colcon_core.environment:checking '/home/dhananjay/ws/quad_ws/install/quad_description/bin'
[4.077s] Level 1:colcon.colcon_core.environment:create_environment_scripts_only(quad_description)
[4.078s] INFO:colcon.colcon_core.shell:Creating package script '/home/dhananjay/ws/quad_ws/install/quad_description/share/quad_description/package.ps1'
[4.078s] INFO:colcon.colcon_core.shell:Creating package descriptor '/home/dhananjay/ws/quad_ws/install/quad_description/share/quad_description/package.dsv'
[4.079s] INFO:colcon.colcon_core.shell:Creating package script '/home/dhananjay/ws/quad_ws/install/quad_description/share/quad_description/package.sh'
[4.080s] INFO:colcon.colcon_core.shell:Creating package script '/home/dhananjay/ws/quad_ws/install/quad_description/share/quad_description/package.bash'
[4.081s] INFO:colcon.colcon_core.shell:Creating package script '/home/dhananjay/ws/quad_ws/install/quad_description/share/quad_description/package.zsh'
[4.081s] Level 1:colcon.colcon_core.environment:create_file_with_runtime_dependencies(/home/dhananjay/ws/quad_ws/install/quad_description/share/colcon-core/packages/quad_description)
[4.176s] Level 1:colcon.colcon_core.environment:create_environment_scripts_only(ik)
[4.176s] Level 1:colcon.colcon_core.environment:checking '/home/dhananjay/ws/quad_ws/install/ik' for CMake module files
[4.178s] DEBUG:colcon.colcon_core.event_handler.log_command:Invoked command in '/home/dhananjay/ws/quad_ws/build/ik' returned '0': CMAKE_PREFIX_PATH=${CMAKE_PREFIX_PATH}:/home/dhananjay/ros2_ws/install/rqt_joint_trajectory_controller:/home/dhananjay/ros2_ws/install/rqt_controller_manager:/home/dhananjay/ros2_ws/install/ros2controlcli:/home/dhananjay/ros2_ws/install/ros2_controllers_test_nodes:/home/dhananjay/ros2_ws/install/ros2_control_demo_testing:/opt/ros/humble /usr/bin/cmake --install /home/dhananjay/ws/quad_ws/build/ik
[4.179s] Level 1:colcon.colcon_core.environment:checking '/home/dhananjay/ws/quad_ws/install/ik' for CMake config files
[4.179s] Level 1:colcon.colcon_core.shell:create_environment_hook('ik', 'cmake_prefix_path')
[4.180s] INFO:colcon.colcon_core.shell:Creating environment hook '/home/dhananjay/ws/quad_ws/install/ik/share/ik/hook/cmake_prefix_path.ps1'
[4.181s] INFO:colcon.colcon_core.shell:Creating environment descriptor '/home/dhananjay/ws/quad_ws/install/ik/share/ik/hook/cmake_prefix_path.dsv'
[4.182s] INFO:colcon.colcon_core.shell:Creating environment hook '/home/dhananjay/ws/quad_ws/install/ik/share/ik/hook/cmake_prefix_path.sh'
[4.183s] Level 1:colcon.colcon_core.environment:checking '/home/dhananjay/ws/quad_ws/install/ik/lib'
[4.183s] Level 1:colcon.colcon_core.environment:checking '/home/dhananjay/ws/quad_ws/install/ik/bin'
[4.183s] Level 1:colcon.colcon_core.environment:checking '/home/dhananjay/ws/quad_ws/install/ik/lib/pkgconfig/ik.pc'
[4.184s] Level 1:colcon.colcon_core.environment:checking '/home/dhananjay/ws/quad_ws/install/ik/lib/python3.10/site-packages'
[4.184s] Level 1:colcon.colcon_core.environment:checking '/home/dhananjay/ws/quad_ws/install/ik/bin'
[4.185s] INFO:colcon.colcon_core.shell:Creating package script '/home/dhananjay/ws/quad_ws/install/ik/share/ik/package.ps1'
[4.186s] INFO:colcon.colcon_core.shell:Creating package descriptor '/home/dhananjay/ws/quad_ws/install/ik/share/ik/package.dsv'
[4.187s] INFO:colcon.colcon_core.shell:Creating package script '/home/dhananjay/ws/quad_ws/install/ik/share/ik/package.sh'
[4.188s] INFO:colcon.colcon_core.shell:Creating package script '/home/dhananjay/ws/quad_ws/install/ik/share/ik/package.bash'
[4.188s] INFO:colcon.colcon_core.shell:Creating package script '/home/dhananjay/ws/quad_ws/install/ik/share/ik/package.zsh'
[4.190s] Level 1:colcon.colcon_core.environment:create_file_with_runtime_dependencies(/home/dhananjay/ws/quad_ws/install/ik/share/colcon-core/packages/ik)
[4.390s] Level 1:colcon.colcon_core.environment:create_environment_scripts_only(ik)
[4.391s] Level 1:colcon.colcon_core.environment:checking '/home/dhananjay/ws/quad_ws/install/ik' for CMake module files
[4.393s] Level 1:colcon.colcon_core.environment:checking '/home/dhananjay/ws/quad_ws/install/ik' for CMake config files
[4.394s] Level 1:colcon.colcon_core.shell:create_environment_hook('ik', 'cmake_prefix_path')
[4.395s] INFO:colcon.colcon_core.shell:Creating environment hook '/home/dhananjay/ws/quad_ws/install/ik/share/ik/hook/cmake_prefix_path.ps1'
[4.397s] INFO:colcon.colcon_core.shell:Creating environment descriptor '/home/dhananjay/ws/quad_ws/install/ik/share/ik/hook/cmake_prefix_path.dsv'
[4.398s] INFO:colcon.colcon_core.shell:Creating environment hook '/home/dhananjay/ws/quad_ws/install/ik/share/ik/hook/cmake_prefix_path.sh'
[4.400s] Level 1:colcon.colcon_core.environment:checking '/home/dhananjay/ws/quad_ws/install/ik/lib'
[4.400s] Level 1:colcon.colcon_core.environment:checking '/home/dhananjay/ws/quad_ws/install/ik/bin'
[4.400s] Level 1:colcon.colcon_core.environment:checking '/home/dhananjay/ws/quad_ws/install/ik/lib/pkgconfig/ik.pc'
[4.401s] Level 1:colcon.colcon_core.environment:checking '/home/dhananjay/ws/quad_ws/install/ik/lib/python3.10/site-packages'
[4.402s] Level 1:colcon.colcon_core.environment:checking '/home/dhananjay/ws/quad_ws/install/ik/bin'
[4.403s] INFO:colcon.colcon_core.shell:Creating package script '/home/dhananjay/ws/quad_ws/install/ik/share/ik/package.ps1'
[4.405s] INFO:colcon.colcon_core.shell:Creating package descriptor '/home/dhananjay/ws/quad_ws/install/ik/share/ik/package.dsv'
[4.407s] INFO:colcon.colcon_core.shell:Creating package script '/home/dhananjay/ws/quad_ws/install/ik/share/ik/package.sh'
[4.409s] INFO:colcon.colcon_core.shell:Creating package script '/home/dhananjay/ws/quad_ws/install/ik/share/ik/package.bash'
[4.410s] INFO:colcon.colcon_core.shell:Creating package script '/home/dhananjay/ws/quad_ws/install/ik/share/ik/package.zsh'
[4.412s] Level 1:colcon.colcon_core.environment:create_file_with_runtime_dependencies(/home/dhananjay/ws/quad_ws/install/ik/share/colcon-core/packages/ik)
[4.413s] DEBUG:colcon.colcon_parallel_executor.executor.parallel:closing loop
[4.415s] DEBUG:colcon.colcon_parallel_executor.executor.parallel:loop closed
[4.415s] DEBUG:colcon.colcon_parallel_executor.executor.parallel:run_until_complete finished with '0'
[4.415s] DEBUG:colcon.colcon_core.event_reactor:joining thread
[4.443s] INFO:colcon.colcon_core.plugin_system:Skipping extension 'colcon_notification.desktop_notification.terminal_notifier': Not used on non-Darwin systems
[4.443s] INFO:colcon.colcon_core.plugin_system:Skipping extension 'colcon_notification.desktop_notification.win32': Not used on non-Windows systems
[4.444s] INFO:colcon.colcon_notification.desktop_notification:Sending desktop notification using 'notify2'
[4.514s] DEBUG:colcon.colcon_core.event_reactor:joined thread
[4.516s] INFO:colcon.colcon_core.shell:Creating prefix script '/home/dhananjay/ws/quad_ws/install/local_setup.ps1'
[4.522s] INFO:colcon.colcon_core.shell:Creating prefix util module '/home/dhananjay/ws/quad_ws/install/_local_setup_util_ps1.py'
[4.532s] INFO:colcon.colcon_core.shell:Creating prefix chain script '/home/dhananjay/ws/quad_ws/install/setup.ps1'
[4.555s] INFO:colcon.colcon_core.shell:Creating prefix script '/home/dhananjay/ws/quad_ws/install/local_setup.sh'
[4.557s] INFO:colcon.colcon_core.shell:Creating prefix util module '/home/dhananjay/ws/quad_ws/install/_local_setup_util_sh.py'
[4.559s] INFO:colcon.colcon_core.shell:Creating prefix chain script '/home/dhananjay/ws/quad_ws/install/setup.sh'
[4.575s] INFO:colcon.colcon_core.shell:Creating prefix script '/home/dhananjay/ws/quad_ws/install/local_setup.bash'
[4.577s] INFO:colcon.colcon_core.shell:Creating prefix chain script '/home/dhananjay/ws/quad_ws/install/setup.bash'
[4.592s] INFO:colcon.colcon_core.shell:Creating prefix script '/home/dhananjay/ws/quad_ws/install/local_setup.zsh'
[4.594s] INFO:colcon.colcon_core.shell:Creating prefix chain script '/home/dhananjay/ws/quad_ws/install/setup.zsh'
