[0.040s] Invoking command in '/home/dhananjay/ws/quad_ws/build/ik': CMAKE_PREFIX_PATH=${CMAKE_PREFIX_PATH}:/home/dhananjay/ros2_ws/install/rqt_joint_trajectory_controller:/home/dhananjay/ros2_ws/install/rqt_controller_manager:/home/dhananjay/ros2_ws/install/ros2controlcli:/home/dhananjay/ros2_ws/install/ros2_controllers_test_nodes:/home/dhananjay/ros2_ws/install/ros2_control_demo_testing:/opt/ros/humble /usr/bin/cmake /home/dhananjay/ws/quad_ws/src/ik -DAMENT_CMAKE_SYMLINK_INSTALL=1 -DCMAKE_INSTALL_PREFIX=/home/dhananjay/ws/quad_ws/install/ik
[0.404s] -- The C compiler identification is GNU 11.4.0
[0.522s] -- The CXX compiler identification is GNU 11.4.0
[0.533s] -- Detecting C compiler ABI info
[0.635s] -- Detecting C compiler ABI info - done
[0.641s] -- Check for working C compiler: /usr/bin/cc - skipped
[0.642s] -- Detecting C compile features
[0.643s] -- Detecting C compile features - done
[0.646s] -- Detecting CXX compiler ABI info
[0.836s] -- Detecting CXX compiler ABI info - done
[0.851s] -- Check for working CXX compiler: /usr/bin/c++ - skipped
[0.852s] -- Detecting CXX compile features
[0.853s] -- Detecting CXX compile features - done
[0.877s] -- Found ament_cmake: 1.3.10 (/opt/ros/humble/share/ament_cmake/cmake)
[1.073s] -- Found Python3: /usr/bin/python3 (found version "3.10.12") found components: Interpreter 
[1.186s] -- Override CMake install command with custom implementation using symlinks instead of copying resources
[1.633s] -- Found rclpy: 3.3.14 (/opt/ros/humble/share/rclpy/cmake)
[1.643s] -- Found ament_lint_auto: 0.12.11 (/opt/ros/humble/share/ament_lint_auto/cmake)
[1.787s] -- Added test 'cppcheck' to perform static code analysis on C / C++ code
[1.787s] -- Configured cppcheck include dirs: 
[1.787s] -- Configured cppcheck exclude dirs and/or files: 
[1.789s] -- Added test 'flake8' to check Python code syntax and style conventions
[1.791s] -- Added test 'lint_cmake' to check CMake code style
[1.792s] -- Added test 'pep257' to check Python code against some of the docstring style conventions in PEP 257
[1.794s] -- Added test 'uncrustify' to check C / C++ code style
[1.794s] -- Configured uncrustify additional arguments: 
[1.796s] -- Added test 'xmllint' to check XML markup files
[1.799s] -- Configuring done
[1.802s] -- Generating done
[1.802s] -- Build files have been written to: /home/dhananjay/ws/quad_ws/build/ik
[1.806s] Invoked command in '/home/dhananjay/ws/quad_ws/build/ik' returned '0': CMAKE_PREFIX_PATH=${CMAKE_PREFIX_PATH}:/home/dhananjay/ros2_ws/install/rqt_joint_trajectory_controller:/home/dhananjay/ros2_ws/install/rqt_controller_manager:/home/dhananjay/ros2_ws/install/ros2controlcli:/home/dhananjay/ros2_ws/install/ros2_controllers_test_nodes:/home/dhananjay/ros2_ws/install/ros2_control_demo_testing:/opt/ros/humble /usr/bin/cmake /home/dhananjay/ws/quad_ws/src/ik -DAMENT_CMAKE_SYMLINK_INSTALL=1 -DCMAKE_INSTALL_PREFIX=/home/dhananjay/ws/quad_ws/install/ik
[1.808s] Invoking command in '/home/dhananjay/ws/quad_ws/build/ik': CMAKE_PREFIX_PATH=${CMAKE_PREFIX_PATH}:/home/dhananjay/ros2_ws/install/rqt_joint_trajectory_controller:/home/dhananjay/ros2_ws/install/rqt_controller_manager:/home/dhananjay/ros2_ws/install/ros2controlcli:/home/dhananjay/ros2_ws/install/ros2_controllers_test_nodes:/home/dhananjay/ros2_ws/install/ros2_control_demo_testing:/opt/ros/humble /usr/bin/cmake --build /home/dhananjay/ws/quad_ws/build/ik -- -j12 -l12
[1.864s] Invoked command in '/home/dhananjay/ws/quad_ws/build/ik' returned '0': CMAKE_PREFIX_PATH=${CMAKE_PREFIX_PATH}:/home/dhananjay/ros2_ws/install/rqt_joint_trajectory_controller:/home/dhananjay/ros2_ws/install/rqt_controller_manager:/home/dhananjay/ros2_ws/install/ros2controlcli:/home/dhananjay/ros2_ws/install/ros2_controllers_test_nodes:/home/dhananjay/ros2_ws/install/ros2_control_demo_testing:/opt/ros/humble /usr/bin/cmake --build /home/dhananjay/ws/quad_ws/build/ik -- -j12 -l12
[1.921s] Invoking command in '/home/dhananjay/ws/quad_ws/build/ik': CMAKE_PREFIX_PATH=${CMAKE_PREFIX_PATH}:/home/dhananjay/ros2_ws/install/rqt_joint_trajectory_controller:/home/dhananjay/ros2_ws/install/rqt_controller_manager:/home/dhananjay/ros2_ws/install/ros2controlcli:/home/dhananjay/ros2_ws/install/ros2_controllers_test_nodes:/home/dhananjay/ros2_ws/install/ros2_control_demo_testing:/opt/ros/humble /usr/bin/cmake --install /home/dhananjay/ws/quad_ws/build/ik
[1.933s] -- Install configuration: ""
[1.933s] -- Execute custom install script
[1.934s] -- Symlinking: /home/dhananjay/ws/quad_ws/install/ik/share/ik//src/dog_legik.cpp
[1.947s] -- Symlinking: /home/dhananjay/ws/quad_ws/install/ik/share/ik//src/joint_state.py
[1.960s] -- Symlinking: /home/dhananjay/ws/quad_ws/install/ik/share/ik//src/output/dog_legik
[1.972s] -- Symlinking: /home/dhananjay/ws/quad_ws/install/ik/lib/ik/joint_state.py
[1.985s] -- Symlinking: /home/dhananjay/ws/quad_ws/install/ik/share/ament_index/resource_index/package_run_dependencies/ik
[1.998s] -- Symlinking: /home/dhananjay/ws/quad_ws/install/ik/share/ament_index/resource_index/parent_prefix_path/ik
[2.011s] -- Symlinking: /home/dhananjay/ws/quad_ws/install/ik/share/ik/environment/ament_prefix_path.sh
[2.023s] -- Symlinking: /home/dhananjay/ws/quad_ws/install/ik/share/ik/environment/ament_prefix_path.dsv
[2.036s] -- Symlinking: /home/dhananjay/ws/quad_ws/install/ik/share/ik/environment/path.sh
[2.049s] -- Symlinking: /home/dhananjay/ws/quad_ws/install/ik/share/ik/environment/path.dsv
[2.062s] -- Symlinking: /home/dhananjay/ws/quad_ws/install/ik/share/ik/local_setup.bash
[2.075s] -- Symlinking: /home/dhananjay/ws/quad_ws/install/ik/share/ik/local_setup.sh
[2.089s] -- Symlinking: /home/dhananjay/ws/quad_ws/install/ik/share/ik/local_setup.zsh
[2.102s] -- Symlinking: /home/dhananjay/ws/quad_ws/install/ik/share/ik/local_setup.dsv
[2.115s] -- Symlinking: /home/dhananjay/ws/quad_ws/install/ik/share/ik/package.dsv
[2.127s] -- Symlinking: /home/dhananjay/ws/quad_ws/install/ik/share/ament_index/resource_index/packages/ik
[2.141s] -- Symlinking: /home/dhananjay/ws/quad_ws/install/ik/share/ik/cmake/ikConfig.cmake
[2.157s] -- Symlinking: /home/dhananjay/ws/quad_ws/install/ik/share/ik/cmake/ikConfig-version.cmake
[2.175s] -- Symlinking: /home/dhananjay/ws/quad_ws/install/ik/share/ik/package.xml
[2.202s] Invoked command in '/home/dhananjay/ws/quad_ws/build/ik' returned '0': CMAKE_PREFIX_PATH=${CMAKE_PREFIX_PATH}:/home/dhananjay/ros2_ws/install/rqt_joint_trajectory_controller:/home/dhananjay/ros2_ws/install/rqt_controller_manager:/home/dhananjay/ros2_ws/install/ros2controlcli:/home/dhananjay/ros2_ws/install/ros2_controllers_test_nodes:/home/dhananjay/ros2_ws/install/ros2_control_demo_testing:/opt/ros/humble /usr/bin/cmake --install /home/dhananjay/ws/quad_ws/build/ik
