/home/dhananjay/.local/lib/python3.10/site-packages/setuptools/dist.py:717: UserWarning: Usage of dash-separated 'script-dir' will not be supported in future versions. Please use the underscore name 'script_dir' instead
  warnings.warn(
running develop
running egg_info
creating quad_description.egg-info
writing quad_description.egg-info/PKG-INFO
writing dependency_links to quad_description.egg-info/dependency_links.txt
writing entry points to quad_description.egg-info/entry_points.txt
writing requirements to quad_description.egg-info/requires.txt
writing top-level names to quad_description.egg-info/top_level.txt
writing manifest file 'quad_description.egg-info/SOURCES.txt'
reading manifest file 'quad_description.egg-info/SOURCES.txt'
writing manifest file 'quad_description.egg-info/SOURCES.txt'
running build_ext
Creating /home/dhananjay/ws/quad_ws/install/quad_description/lib/python3.10/site-packages/quad-description.egg-link (link to .)

Installed /home/dhananjay/ws/quad_ws/build/quad_description
running symlink_data
creating /home/dhananjay/ws/quad_ws/install/quad_description/share/ament_index
creating /home/dhananjay/ws/quad_ws/install/quad_description/share/ament_index/resource_index
creating /home/dhananjay/ws/quad_ws/install/quad_description/share/ament_index/resource_index/packages
symbolically linking /home/dhananjay/ws/quad_ws/build/quad_description/resource/quad_description -> /home/dhananjay/ws/quad_ws/install/quad_description/share/ament_index/resource_index/packages
symbolically linking /home/dhananjay/ws/quad_ws/build/quad_description/package.xml -> /home/dhananjay/ws/quad_ws/install/quad_description/share/quad_description
creating /home/dhananjay/ws/quad_ws/install/quad_description/share/quad_description/launch
symbolically linking /home/dhananjay/ws/quad_ws/build/quad_description/launch/rsp.launch.py -> /home/dhananjay/ws/quad_ws/install/quad_description/share/quad_description/launch
symbolically linking /home/dhananjay/ws/quad_ws/build/quad_description/launch/display.launch.py -> /home/dhananjay/ws/quad_ws/install/quad_description/share/quad_description/launch
symbolically linking /home/dhananjay/ws/quad_ws/build/quad_description/launch/gazebo.launch.py -> /home/dhananjay/ws/quad_ws/install/quad_description/share/quad_description/launch
creating /home/dhananjay/ws/quad_ws/install/quad_description/share/quad_description/urdf
symbolically linking /home/dhananjay/ws/quad_ws/build/quad_description/urdf/bot_urdf_hii.trans -> /home/dhananjay/ws/quad_ws/install/quad_description/share/quad_description/urdf
symbolically linking /home/dhananjay/ws/quad_ws/build/quad_description/urdf/bot_urdf_hii.urdf -> /home/dhananjay/ws/quad_ws/install/quad_description/share/quad_description/urdf
symbolically linking /home/dhananjay/ws/quad_ws/build/quad_description/urdf/bot_urdf_hii.xacro -> /home/dhananjay/ws/quad_ws/install/quad_description/share/quad_description/urdf
symbolically linking /home/dhananjay/ws/quad_ws/build/quad_description/urdf/bot_urdf_hii.gazebo -> /home/dhananjay/ws/quad_ws/install/quad_description/share/quad_description/urdf
symbolically linking /home/dhananjay/ws/quad_ws/build/quad_description/urdf/materials.xacro -> /home/dhananjay/ws/quad_ws/install/quad_description/share/quad_description/urdf
creating /home/dhananjay/ws/quad_ws/install/quad_description/share/quad_description/meshes
symbolically linking /home/dhananjay/ws/quad_ws/build/quad_description/meshes/base_link.stl -> /home/dhananjay/ws/quad_ws/install/quad_description/share/quad_description/meshes
symbolically linking /home/dhananjay/ws/quad_ws/build/quad_description/meshes/link2_v1_1.stl -> /home/dhananjay/ws/quad_ws/install/quad_description/share/quad_description/meshes
symbolically linking /home/dhananjay/ws/quad_ws/build/quad_description/meshes/link1_1.stl -> /home/dhananjay/ws/quad_ws/install/quad_description/share/quad_description/meshes
symbolically linking /home/dhananjay/ws/quad_ws/build/quad_description/meshes/link3_1.stl -> /home/dhananjay/ws/quad_ws/install/quad_description/share/quad_description/meshes
creating /home/dhananjay/ws/quad_ws/install/quad_description/share/quad_description/config
symbolically linking /home/dhananjay/ws/quad_ws/build/quad_description/config/display.rviz -> /home/dhananjay/ws/quad_ws/install/quad_description/share/quad_description/config
