[1.308s] Invoking command in '/home/dhananjay/ws/quad_ws/build/quad_description': PYTHONPATH=/home/dhananjay/ws/quad_ws/build/quad_description/prefix_override:/usr/lib/python3/dist-packages/colcon_core/task/python/colcon_distutils_commands:/home/dhananjay/ws/quad_ws/install/quad_description/lib/python3.10/site-packages:${PYTHONPATH} /usr/bin/python3 -W ignore:setup.py install is deprecated setup.py develop --editable --build-directory /home/dhananjay/ws/quad_ws/build/quad_description/build --no-deps symlink_data
[1.780s] /home/dhananjay/.local/lib/python3.10/site-packages/setuptools/dist.py:717: UserWarning: Usage of dash-separated 'script-dir' will not be supported in future versions. Please use the underscore name 'script_dir' instead
[1.780s]   warnings.warn(
[1.822s] running develop
[2.045s] running egg_info
[2.046s] creating quad_description.egg-info
[2.046s] writing quad_description.egg-info/PKG-INFO
[2.046s] writing dependency_links to quad_description.egg-info/dependency_links.txt
[2.046s] writing entry points to quad_description.egg-info/entry_points.txt
[2.046s] writing requirements to quad_description.egg-info/requires.txt
[2.046s] writing top-level names to quad_description.egg-info/top_level.txt
[2.046s] writing manifest file 'quad_description.egg-info/SOURCES.txt'
[2.048s] reading manifest file 'quad_description.egg-info/SOURCES.txt'
[2.048s] writing manifest file 'quad_description.egg-info/SOURCES.txt'
[2.049s] running build_ext
[2.050s] Creating /home/dhananjay/ws/quad_ws/install/quad_description/lib/python3.10/site-packages/quad-description.egg-link (link to .)
[2.050s] 
[2.050s] Installed /home/dhananjay/ws/quad_ws/build/quad_description
[2.050s] running symlink_data
[2.051s] creating /home/dhananjay/ws/quad_ws/install/quad_description/share/ament_index
[2.051s] creating /home/dhananjay/ws/quad_ws/install/quad_description/share/ament_index/resource_index
[2.051s] creating /home/dhananjay/ws/quad_ws/install/quad_description/share/ament_index/resource_index/packages
[2.051s] symbolically linking /home/dhananjay/ws/quad_ws/build/quad_description/resource/quad_description -> /home/dhananjay/ws/quad_ws/install/quad_description/share/ament_index/resource_index/packages
[2.051s] symbolically linking /home/dhananjay/ws/quad_ws/build/quad_description/package.xml -> /home/dhananjay/ws/quad_ws/install/quad_description/share/quad_description
[2.051s] creating /home/dhananjay/ws/quad_ws/install/quad_description/share/quad_description/launch
[2.051s] symbolically linking /home/dhananjay/ws/quad_ws/build/quad_description/launch/rsp.launch.py -> /home/dhananjay/ws/quad_ws/install/quad_description/share/quad_description/launch
[2.051s] symbolically linking /home/dhananjay/ws/quad_ws/build/quad_description/launch/display.launch.py -> /home/dhananjay/ws/quad_ws/install/quad_description/share/quad_description/launch
[2.051s] symbolically linking /home/dhananjay/ws/quad_ws/build/quad_description/launch/gazebo.launch.py -> /home/dhananjay/ws/quad_ws/install/quad_description/share/quad_description/launch
[2.051s] creating /home/dhananjay/ws/quad_ws/install/quad_description/share/quad_description/urdf
[2.051s] symbolically linking /home/dhananjay/ws/quad_ws/build/quad_description/urdf/bot_urdf_hii.trans -> /home/dhananjay/ws/quad_ws/install/quad_description/share/quad_description/urdf
[2.051s] symbolically linking /home/dhananjay/ws/quad_ws/build/quad_description/urdf/bot_urdf_hii.urdf -> /home/dhananjay/ws/quad_ws/install/quad_description/share/quad_description/urdf
[2.051s] symbolically linking /home/dhananjay/ws/quad_ws/build/quad_description/urdf/bot_urdf_hii.xacro -> /home/dhananjay/ws/quad_ws/install/quad_description/share/quad_description/urdf
[2.051s] symbolically linking /home/dhananjay/ws/quad_ws/build/quad_description/urdf/bot_urdf_hii.gazebo -> /home/dhananjay/ws/quad_ws/install/quad_description/share/quad_description/urdf
[2.052s] symbolically linking /home/dhananjay/ws/quad_ws/build/quad_description/urdf/materials.xacro -> /home/dhananjay/ws/quad_ws/install/quad_description/share/quad_description/urdf
[2.052s] creating /home/dhananjay/ws/quad_ws/install/quad_description/share/quad_description/meshes
[2.052s] symbolically linking /home/dhananjay/ws/quad_ws/build/quad_description/meshes/base_link.stl -> /home/dhananjay/ws/quad_ws/install/quad_description/share/quad_description/meshes
[2.052s] symbolically linking /home/dhananjay/ws/quad_ws/build/quad_description/meshes/link2_v1_1.stl -> /home/dhananjay/ws/quad_ws/install/quad_description/share/quad_description/meshes
[2.052s] symbolically linking /home/dhananjay/ws/quad_ws/build/quad_description/meshes/link1_1.stl -> /home/dhananjay/ws/quad_ws/install/quad_description/share/quad_description/meshes
[2.052s] symbolically linking /home/dhananjay/ws/quad_ws/build/quad_description/meshes/link3_1.stl -> /home/dhananjay/ws/quad_ws/install/quad_description/share/quad_description/meshes
[2.052s] creating /home/dhananjay/ws/quad_ws/install/quad_description/share/quad_description/config
[2.052s] symbolically linking /home/dhananjay/ws/quad_ws/build/quad_description/config/display.rviz -> /home/dhananjay/ws/quad_ws/install/quad_description/share/quad_description/config
[2.075s] Invoked command in '/home/dhananjay/ws/quad_ws/build/quad_description' returned '0': PYTHONPATH=/home/dhananjay/ws/quad_ws/build/quad_description/prefix_override:/usr/lib/python3/dist-packages/colcon_core/task/python/colcon_distutils_commands:/home/dhananjay/ws/quad_ws/install/quad_description/lib/python3.10/site-packages:${PYTHONPATH} /usr/bin/python3 -W ignore:setup.py install is deprecated setup.py develop --editable --build-directory /home/dhananjay/ws/quad_ws/build/quad_description/build --no-deps symlink_data
